[debug] [2024-11-27T19:40:16.626Z] ----------------------------------------------------------------------
[debug] [2024-11-27T19:40:16.635Z] Command:       C:\Program Files\nodejs\node.exe C:\Program Files\nodejs\node_modules\firebase-tools\lib\bin\firebase.js deploy
[debug] [2024-11-27T19:40:16.636Z] CLI Version:   13.18.0
[debug] [2024-11-27T19:40:16.637Z] Platform:      win32
[debug] [2024-11-27T19:40:16.637Z] Node Version:  v20.11.0
[debug] [2024-11-27T19:40:16.637Z] Time:          Wed Nov 27 2024 20:40:16 GMT+0100 (Central European Standard Time)
[debug] [2024-11-27T19:40:16.637Z] ----------------------------------------------------------------------
[debug] 
[debug] [2024-11-27T19:40:16.664Z] >>> [apiv2][query] GET https://firebase-public.firebaseio.com/cli.json [none]
[debug] [2024-11-27T19:40:16.942Z] > command requires scopes: ["email","openid","https://www.googleapis.com/auth/cloudplatformprojects.readonly","https://www.googleapis.com/auth/firebase","https://www.googleapis.com/auth/cloud-platform"]
[debug] [2024-11-27T19:40:16.942Z] > authorizing via signed-in user (firasaydi0@gmail.com)
[debug] [2024-11-27T19:40:16.943Z] [iam] checking project touch-meuble for permissions ["firebase.projects.get","firebasehosting.sites.update","firebaserules.releases.create","firebaserules.releases.update","firebaserules.rulesets.create"]
[debug] [2024-11-27T19:40:16.944Z] > refreshing access token with scopes: []
[debug] [2024-11-27T19:40:16.949Z] >>> [apiv2][query] POST https://www.googleapis.com/oauth2/v3/token [none]
[debug] [2024-11-27T19:40:16.949Z] >>> [apiv2][body] POST https://www.googleapis.com/oauth2/v3/token [omitted]
[debug] [2024-11-27T19:40:45.221Z] <<< [apiv2][status] GET https://firebase-public.firebaseio.com/cli.json 200
[debug] [2024-11-27T19:40:45.221Z] <<< [apiv2][body] GET https://firebase-public.firebaseio.com/cli.json {"cloudBuildErrorAfter":1594252800000,"cloudBuildWarnAfter":1590019200000,"defaultNode10After":1594252800000,"minVersion":"3.0.5","node8DeploysDisabledAfter":1613390400000,"node8RuntimeDisabledAfter":1615809600000,"node8WarnAfter":1600128000000}
[debug] [2024-11-27T19:40:45.249Z] *** [apiv2] error from fetch(https://www.googleapis.com/oauth2/v3/token, {"headers":{},"method":"POST","body":{"_overheadLength":545,"_valueLength":212,"_valuesToMeasure":[],"writable":false,"readable":true,"dataSize":0,"maxDataSize":2097152,"pauseStreams":true,"_released":true,"_streams":[],"_currentStream":null,"_insideLoop":false,"_pendingNext":false,"_boundary":"--------------------------369950843016602095007342","_events":{},"_eventsCount":1}}): FetchError: request to https://www.googleapis.com/oauth2/v3/token failed, reason: socket hang up
[debug] [2024-11-27T19:40:45.249Z] [iam] error while checking permissions, command may fail: FirebaseError: Authentication Error: Your credentials are no longer valid. Please run firebase login --reauth

For CI servers and headless environments, generate a new token with firebase login:ci
[debug] [2024-11-27T19:40:45.250Z] > refreshing access token with scopes: []
[debug] [2024-11-27T19:40:45.251Z] >>> [apiv2][query] POST https://www.googleapis.com/oauth2/v3/token [none]
[debug] [2024-11-27T19:40:45.251Z] >>> [apiv2][body] POST https://www.googleapis.com/oauth2/v3/token [omitted]
[debug] [2024-11-27T19:41:03.393Z] <<< [apiv2][status] POST https://www.googleapis.com/oauth2/v3/token 200
[debug] [2024-11-27T19:41:03.393Z] <<< [apiv2][body] POST https://www.googleapis.com/oauth2/v3/token [omitted]
[debug] [2024-11-27T19:41:03.419Z] >>> [apiv2][query] GET https://firebase.googleapis.com/v1beta1/projects/touch-meuble [none]
[debug] [2024-11-27T19:41:33.421Z] *** [apiv2] error from fetch(https://firebase.googleapis.com/v1beta1/projects/touch-meuble, {"headers":{},"method":"GET","signal":{}}): AbortError: The user aborted a request.
[debug] [2024-11-27T19:41:33.421Z] Timeout reached making request to https://firebase.googleapis.com/v1beta1/projects/touch-meuble (original: The user aborted a request.)
[debug] [2024-11-27T19:41:38.427Z] Error: Timed out.
    at Timeout._onTimeout (C:\Users\asus-laptop\AppData\Roaming\nvm\v16.13.2\node_modules\firebase-tools\lib\utils.js:268:49)
    at listOnTimeout (node:internal/timers:573:17)
    at process.processTimers (node:internal/timers:514:7)
[error] 
[error] Error: An unexpected error has occurred.
[debug] [2024-11-27T19:42:38.442Z] ----------------------------------------------------------------------
[debug] [2024-11-27T19:42:38.448Z] Command:       C:\Program Files\nodejs\node.exe C:\Program Files\nodejs\node_modules\firebase-tools\lib\bin\firebase.js deploy
[debug] [2024-11-27T19:42:38.448Z] CLI Version:   13.18.0
[debug] [2024-11-27T19:42:38.448Z] Platform:      win32
[debug] [2024-11-27T19:42:38.448Z] Node Version:  v20.11.0
[debug] [2024-11-27T19:42:38.449Z] Time:          Wed Nov 27 2024 20:42:38 GMT+0100 (Central European Standard Time)
[debug] [2024-11-27T19:42:38.449Z] ----------------------------------------------------------------------
[debug] 
[debug] [2024-11-27T19:42:38.540Z] > command requires scopes: ["email","openid","https://www.googleapis.com/auth/cloudplatformprojects.readonly","https://www.googleapis.com/auth/firebase","https://www.googleapis.com/auth/cloud-platform"]
[debug] [2024-11-27T19:42:38.540Z] > authorizing via signed-in user (firasaydi0@gmail.com)
[debug] [2024-11-27T19:42:38.540Z] [iam] checking project touch-meuble for permissions ["firebase.projects.get","firebasehosting.sites.update","firebaserules.releases.create","firebaserules.releases.update","firebaserules.rulesets.create"]
[debug] [2024-11-27T19:42:38.543Z] >>> [apiv2][query] POST https://cloudresourcemanager.googleapis.com/v1/projects/touch-meuble:testIamPermissions [none]
[debug] [2024-11-27T19:42:38.543Z] >>> [apiv2][(partial)header] POST https://cloudresourcemanager.googleapis.com/v1/projects/touch-meuble:testIamPermissions x-goog-quota-user=projects/touch-meuble
[debug] [2024-11-27T19:42:38.543Z] >>> [apiv2][body] POST https://cloudresourcemanager.googleapis.com/v1/projects/touch-meuble:testIamPermissions {"permissions":["firebase.projects.get","firebasehosting.sites.update","firebaserules.releases.create","firebaserules.releases.update","firebaserules.rulesets.create"]}
[debug] [2024-11-27T19:42:49.640Z] *** [apiv2] error from fetch(https://cloudresourcemanager.googleapis.com/v1/projects/touch-meuble:testIamPermissions, {"headers":{},"method":"POST","body":"{\"permissions\":[\"firebase.projects.get\",\"firebasehosting.sites.update\",\"firebaserules.releases.create\",\"firebaserules.releases.update\",\"firebaserules.rulesets.create\"]}"}): FetchError: request to https://cloudresourcemanager.googleapis.com/v1/projects/touch-meuble:testIamPermissions failed, reason: getaddrinfo ENOTFOUND cloudresourcemanager.googleapis.com
[debug] [2024-11-27T19:42:49.641Z] [iam] error while checking permissions, command may fail: FirebaseError: Failed to make request to https://cloudresourcemanager.googleapis.com/v1/projects/touch-meuble:testIamPermissions
[debug] [2024-11-27T19:42:49.642Z] >>> [apiv2][query] GET https://firebase.googleapis.com/v1beta1/projects/touch-meuble [none]
[debug] [2024-11-27T19:43:19.611Z] <<< [apiv2][status] GET https://firebase.googleapis.com/v1beta1/projects/touch-meuble 200
[debug] [2024-11-27T19:43:19.612Z] <<< [apiv2][body] GET https://firebase.googleapis.com/v1beta1/projects/touch-meuble {"projectId":"touch-meuble","projectNumber":"908767451346","displayName":"Touch-meuble","name":"projects/touch-meuble","resources":{"hostingSite":"touch-meuble","storageBucket":"touch-meuble.appspot.com","locationId":"us-central"},"state":"ACTIVE","etag":"1_e2c346fc-80ab-4196-bd8c-2fc62d07a81a"}
[info] 
[info] === Deploying to 'touch-meuble'...
[info] 
[info] i  deploying storage, hosting 
[info] i  storage: ensuring required API firebasestorage.googleapis.com is enabled... 
[debug] [2024-11-27T19:43:19.618Z] >>> [apiv2][query] GET https://serviceusage.googleapis.com/v1/projects/touch-meuble/services/firebasestorage.googleapis.com [none]
[debug] [2024-11-27T19:43:19.618Z] >>> [apiv2][(partial)header] GET https://serviceusage.googleapis.com/v1/projects/touch-meuble/services/firebasestorage.googleapis.com x-goog-quota-user=projects/touch-meuble
[debug] [2024-11-27T19:43:41.258Z] <<< [apiv2][status] GET https://serviceusage.googleapis.com/v1/projects/touch-meuble/services/firebasestorage.googleapis.com 200
[debug] [2024-11-27T19:43:41.258Z] <<< [apiv2][body] GET https://serviceusage.googleapis.com/v1/projects/touch-meuble/services/firebasestorage.googleapis.com [omitted]
[info] +  storage: required API firebasestorage.googleapis.com is enabled 
[debug] [2024-11-27T19:43:41.259Z] >>> [apiv2][query] GET https://firebasestorage.googleapis.com/v1alpha/projects/touch-meuble/defaultBucket [none]
[debug] [2024-11-27T19:43:54.302Z] <<< [apiv2][status] GET https://firebasestorage.googleapis.com/v1alpha/projects/touch-meuble/defaultBucket 200
[debug] [2024-11-27T19:43:54.302Z] <<< [apiv2][body] GET https://firebasestorage.googleapis.com/v1alpha/projects/touch-meuble/defaultBucket {"name":"projects/touch-meuble/defaultBucket","location":"US","bucket":{"name":"projects/touch-meuble/buckets/touch-meuble.appspot.com"},"storageClass":"STANDARD"}
[info] i  firebase.storage: checking storage.rules for compilation errors... 
[debug] [2024-11-27T19:43:54.306Z] >>> [apiv2][query] POST https://firebaserules.googleapis.com/v1/projects/touch-meuble:test [none]
[debug] [2024-11-27T19:43:54.306Z] >>> [apiv2][body] POST https://firebaserules.googleapis.com/v1/projects/touch-meuble:test [omitted]
[debug] [2024-11-27T19:44:14.136Z] *** [apiv2] error from fetch(https://firebaserules.googleapis.com/v1/projects/touch-meuble:test, {"headers":{},"method":"POST","body":"{\"source\":{\"files\":[{\"name\":\"storage.rules\",\"content\":\"rules_version = '2';\\n\\n// Craft rules based on data in your Firestore database\\n// allow write: if firestore.get(\\n//    /databases/(default)/documents/users/$(request.auth.uid)).data.isAdmin;\\nservice firebase.storage {\\n  match /b/{bucket}/o {\\n    match /{allPaths=**} {\\n      allow read, write: if false;\\n    }\\n  }\\n}\\n\"}]}}"}): FetchError: request to https://firebaserules.googleapis.com/v1/projects/touch-meuble:test failed, reason: socket hang up
[debug] [2024-11-27T19:44:19.142Z] Error: Timed out.
    at Timeout._onTimeout (C:\Users\asus-laptop\AppData\Roaming\nvm\v16.13.2\node_modules\firebase-tools\lib\utils.js:268:49)
    at listOnTimeout (node:internal/timers:573:17)
    at process.processTimers (node:internal/timers:514:7)
[error] 
[error] Error: An unexpected error has occurred.
